<?xml version="1.0" encoding="UTF-8"?>
<!-- Generated by org.testng.reporters.JUnitXMLReporter -->
<testsuite ignored="0" hostname="DESKTOP-D8K8JU6" failures="0" tests="5" name="Test" time="36.341" errors="0" timestamp="2022-08-27T00:24:54 IST">
  <testcase classname="test.LoginTest" name="verifyUrlOfPage" time="0.019"/>
  <testcase classname="test.LoginTest" name="verifyLoginPageIsDisplayed" time="0.612"/>
  <testcase classname="test.LoginTest" name="verifyLogin" time="3.55"/>
  <testcase classname="test.PimTest" name="verifyPimPage" time="4.341"/>
  <testcase classname="test.PimTest" name="verifyIdCheckBoxIsSelected" time="0.155"/>
</testsuite> <!-- Test -->
