<?xml version="1.0" encoding="UTF-8"?>
<testng-results ignored="0" total="5" passed="5" failed="0" skipped="0">
  <reporter-output>
  </reporter-output>
  <suite started-at="2022-08-27T00:24:17 IST" name="Suite" finished-at="2022-08-27T00:24:54 IST" duration-ms="36341">
    <groups>
      <group name="regression">
        <method signature="LoginTest.verifyLogin()[pri:2, instance:test.LoginTest@54e1c68b]" name="verifyLogin" class="test.LoginTest"/>
      </group> <!-- regression -->
      <group name="smoke">
        <method signature="LoginTest.verifyLogin()[pri:2, instance:test.LoginTest@54e1c68b]" name="verifyLogin" class="test.LoginTest"/>
        <method signature="LoginTest.verifyUrlOfPage()[pri:0, instance:test.LoginTest@54e1c68b]" name="verifyUrlOfPage" class="test.LoginTest"/>
      </group> <!-- smoke -->
    </groups>
    <test started-at="2022-08-27T00:24:17 IST" name="Test" finished-at="2022-08-27T00:24:54 IST" duration-ms="36341">
      <class name="test.LoginTest">
        <test-method is-config="true" signature="launchBrowser()[pri:0, instance:test.LoginTest@54e1c68b]" started-at="2022-08-27T00:24:17 IST" name="launchBrowser" finished-at="2022-08-27T00:24:31 IST" duration-ms="13499" status="PASS">
          <reporter-output>
          </reporter-output>
        </test-method> <!-- launchBrowser -->
        <test-method is-config="true" signature="pageObjects()[pri:0, instance:test.LoginTest@54e1c68b]" started-at="2022-08-27T00:24:31 IST" name="pageObjects" finished-at="2022-08-27T00:24:31 IST" duration-ms="35" status="PASS">
          <reporter-output>
          </reporter-output>
        </test-method> <!-- pageObjects -->
        <test-method signature="verifyUrlOfPage()[pri:0, instance:test.LoginTest@54e1c68b]" started-at="2022-08-27T00:24:31 IST" name="verifyUrlOfPage" finished-at="2022-08-27T00:24:31 IST" duration-ms="19" status="PASS">
          <reporter-output>
          </reporter-output>
        </test-method> <!-- verifyUrlOfPage -->
        <test-method signature="verifyLoginPageIsDisplayed()[pri:1, instance:test.LoginTest@54e1c68b]" started-at="2022-08-27T00:24:31 IST" name="verifyLoginPageIsDisplayed" finished-at="2022-08-27T00:24:32 IST" duration-ms="612" status="PASS">
          <reporter-output>
          </reporter-output>
        </test-method> <!-- verifyLoginPageIsDisplayed -->
        <test-method signature="verifyLogin()[pri:2, instance:test.LoginTest@54e1c68b]" started-at="2022-08-27T00:24:32 IST" name="verifyLogin" finished-at="2022-08-27T00:24:35 IST" duration-ms="3550" status="PASS">
          <reporter-output>
          </reporter-output>
        </test-method> <!-- verifyLogin -->
        <test-method is-config="true" signature="tearDownEnvirnment()[pri:0, instance:test.LoginTest@54e1c68b]" started-at="2022-08-27T00:24:35 IST" name="tearDownEnvirnment" finished-at="2022-08-27T00:24:36 IST" duration-ms="710" status="PASS">
          <reporter-output>
          </reporter-output>
        </test-method> <!-- tearDownEnvirnment -->
      </class> <!-- test.LoginTest -->
      <class name="test.PimTest">
        <test-method is-config="true" signature="launchBrowser()[pri:0, instance:test.PimTest@4d5650ae]" started-at="2022-08-27T00:24:36 IST" name="launchBrowser" finished-at="2022-08-27T00:24:48 IST" duration-ms="11913" status="PASS">
          <reporter-output>
          </reporter-output>
        </test-method> <!-- launchBrowser -->
        <test-method is-config="true" signature="pageObjects()[pri:0, instance:test.PimTest@4d5650ae]" started-at="2022-08-27T00:24:48 IST" name="pageObjects" finished-at="2022-08-27T00:24:48 IST" duration-ms="1" status="PASS">
          <reporter-output>
          </reporter-output>
        </test-method> <!-- pageObjects -->
        <test-method is-config="true" signature="login()[pri:0, instance:test.PimTest@4d5650ae]" started-at="2022-08-27T00:24:48 IST" name="login" finished-at="2022-08-27T00:24:49 IST" duration-ms="750" status="PASS">
          <reporter-output>
          </reporter-output>
        </test-method> <!-- login -->
        <test-method signature="verifyPimPage()[pri:3, instance:test.PimTest@4d5650ae]" started-at="2022-08-27T00:24:49 IST" name="verifyPimPage" finished-at="2022-08-27T00:24:53 IST" duration-ms="4341" status="PASS">
          <reporter-output>
          </reporter-output>
        </test-method> <!-- verifyPimPage -->
        <test-method signature="verifyIdCheckBoxIsSelected()[pri:4, instance:test.PimTest@4d5650ae]" started-at="2022-08-27T00:24:53 IST" name="verifyIdCheckBoxIsSelected" finished-at="2022-08-27T00:24:53 IST" duration-ms="155" status="PASS">
          <reporter-output>
          </reporter-output>
        </test-method> <!-- verifyIdCheckBoxIsSelected -->
        <test-method is-config="true" signature="tearDownEnvirnment()[pri:0, instance:test.PimTest@4d5650ae]" started-at="2022-08-27T00:24:53 IST" name="tearDownEnvirnment" finished-at="2022-08-27T00:24:54 IST" duration-ms="694" status="PASS">
          <reporter-output>
          </reporter-output>
        </test-method> <!-- tearDownEnvirnment -->
      </class> <!-- test.PimTest -->
    </test> <!-- Test -->
  </suite> <!-- Suite -->
</testng-results>
